[2020-09-15T22:03:51.823] [INFO] application - localhost:3000
[2020-09-15T22:07:41.621] [INFO] fileAppender - localhost:3000
[2020-09-15T22:08:41.157] [INFO] fileAppender - Request for Fetching User ById 1010101
[2020-09-15T22:22:36.494] [INFO] fileAppender - localhost:3000
[2020-09-15T22:22:46.521] [INFO] fileAppender - Request for Fetching All User
[2020-09-15T22:29:59.506] [INFO] fileAppender - localhost:3000
[2020-09-15T22:30:02.415] [INFO] fileAppender - Request for Fetching User ById 10
[2020-09-15T22:32:32.098] [INFO] fileAppender - localhost:3000
[2020-09-15T22:32:36.667] [INFO] fileAppender - Request for Fetching User ById 10
[2020-09-15T22:33:14.632] [INFO] fileAppender - localhost:3000
[2020-09-15T22:33:19.274] [INFO] fileAppender - Request for Fetching User ById 10
[2020-09-15T22:36:08.702] [INFO] fileAppender - Request for Saving User [object Object]
[2020-09-15T22:36:31.236] [INFO] fileAppender - Request for Fetching All User
[2020-09-15T22:37:35.280] [INFO] fileAppender - Request for Updating User ById 40 User [object Object]
[2020-09-15T22:38:54.083] [INFO] fileAppender - Request for Updating User ById 40 User [object Object]
[2020-09-15T22:40:43.584] [INFO] fileAppender - Request for Updating User ById 40 User [object Object]
[2020-09-15T22:40:54.423] [INFO] fileAppender - Request for Updating User ById 40 User [object Object]
[2020-09-15T22:41:00.255] [INFO] fileAppender - localhost:3000
[2020-09-15T22:41:16.564] [INFO] fileAppender - Request for Saving User [object Object]
[2020-09-15T22:41:20.942] [INFO] fileAppender - Request for Saving User [object Object]
[2020-09-15T22:41:32.504] [INFO] fileAppender - Request for Updating User ById 40 User [object Object]
[2020-09-15T22:42:25.011] [INFO] fileAppender - Request for Deleting User ById 40
